<?xml version="1.0" encoding="UTF-8"?>
<testsuite xmlns:xsi="http://www.w3.org/2001/XMLSchema-instance" xsi:noNamespaceSchemaLocation="https://maven.apache.org/surefire/maven-surefire-plugin/xsd/surefire-test-report-3.0.xsd" version="3.0" name="org.Controller.Controller_ESTest" time="0.131" tests="104" errors="0" skipped="6" failures="0">
  <properties>
[...]
</properties>
  <testcase name="test000" classname="org.Controller.Controller_ESTest" time="0.021"/>
  <testcase name="test001" classname="org.Controller.Controller_ESTest" time="0.0"/>
  <testcase name="test002" classname="org.Controller.Controller_ESTest" time="0.002"/>
  <testcase name="test003" classname="org.Controller.Controller_ESTest" time="0.004"/>
  <testcase name="test004" classname="org.Controller.Controller_ESTest" time="0.001"/>
  <testcase name="test005" classname="org.Controller.Controller_ESTest" time="0.001"/>
  <testcase name="test006" classname="org.Controller.Controller_ESTest" time="0.001"/>
  <testcase name="test007" classname="org.Controller.Controller_ESTest" time="0.001"/>
  <testcase name="test008" classname="org.Controller.Controller_ESTest" time="0.001"/>
  <testcase name="test009" classname="org.Controller.Controller_ESTest" time="0.001"/>
  <testcase name="test010" classname="org.Controller.Controller_ESTest" time="0.001"/>
  <testcase name="test011" classname="org.Controller.Controller_ESTest" time="0.001"/>
  <testcase name="test012" classname="org.Controller.Controller_ESTest" time="0.006"/>
  <testcase name="test013" classname="org.Controller.Controller_ESTest" time="0.0"/>
  <testcase name="test014" classname="org.Controller.Controller_ESTest" time="0.001"/>
  <testcase name="test015" classname="org.Controller.Controller_ESTest" time="0.0"/>
  <testcase name="test016" classname="org.Controller.Controller_ESTest" time="0.0"/>
  <testcase name="test017" classname="org.Controller.Controller_ESTest" time="0.0">
    <skipped message="EvoSuite: depends on playlist state"/>
  </testcase>
  <testcase name="test018" classname="org.Controller.Controller_ESTest" time="0.005"/>
  <testcase name="test019" classname="org.Controller.Controller_ESTest" time="0.003"/>
  <testcase name="test020" classname="org.Controller.Controller_ESTest" time="0.001"/>
  <testcase name="test021" classname="org.Controller.Controller_ESTest" time="0.0"/>
  <testcase name="test022" classname="org.Controller.Controller_ESTest" time="0.001"/>
  <testcase name="test023" classname="org.Controller.Controller_ESTest" time="0.001"/>
  <testcase name="test024" classname="org.Controller.Controller_ESTest" time="0.002"/>
  <testcase name="test025" classname="org.Controller.Controller_ESTest" time="0.001"/>
  <testcase name="test026" classname="org.Controller.Controller_ESTest" time="0.0"/>
  <testcase name="test027" classname="org.Controller.Controller_ESTest" time="0.0"/>
  <testcase name="test028" classname="org.Controller.Controller_ESTest" time="0.001"/>
  <testcase name="test029" classname="org.Controller.Controller_ESTest" time="0.0"/>
  <testcase name="test030" classname="org.Controller.Controller_ESTest" time="0.02">
    <system-err><![CDATA[SLF4J: Failed to load class "org.slf4j.impl.StaticLoggerBinder".
SLF4J: Defaulting to no-operation (NOP) logger implementation
SLF4J: See http://www.slf4j.org/codes.html#StaticLoggerBinder for further details.
]]></system-err>
  </testcase>
  <testcase name="test031" classname="org.Controller.Controller_ESTest" time="0.001"/>
  <testcase name="test032" classname="org.Controller.Controller_ESTest" time="0.001"/>
  <testcase name="test033" classname="org.Controller.Controller_ESTest" time="0.0"/>
  <testcase name="test034" classname="org.Controller.Controller_ESTest" time="0.007"/>
  <testcase name="test035" classname="org.Controller.Controller_ESTest" time="0.0"/>
  <testcase name="test036" classname="org.Controller.Controller_ESTest" time="0.0"/>
  <testcase name="test037" classname="org.Controller.Controller_ESTest" time="0.0"/>
  <testcase name="test038" classname="org.Controller.Controller_ESTest" time="0.0"/>
  <testcase name="test039" classname="org.Controller.Controller_ESTest" time="0.0"/>
  <testcase name="test040" classname="org.Controller.Controller_ESTest" time="0.0"/>
  <testcase name="test041" classname="org.Controller.Controller_ESTest" time="0.0"/>
  <testcase name="test042" classname="org.Controller.Controller_ESTest" time="0.001"/>
  <testcase name="test043" classname="org.Controller.Controller_ESTest" time="0.0"/>
  <testcase name="test044" classname="org.Controller.Controller_ESTest" time="0.001"/>
  <testcase name="test045" classname="org.Controller.Controller_ESTest" time="0.0"/>
  <testcase name="test046" classname="org.Controller.Controller_ESTest" time="0.0"/>
  <testcase name="test047" classname="org.Controller.Controller_ESTest" time="0.001"/>
  <testcase name="test048" classname="org.Controller.Controller_ESTest" time="0.0"/>
  <testcase name="test049" classname="org.Controller.Controller_ESTest" time="0.001"/>
  <testcase name="test050" classname="org.Controller.Controller_ESTest" time="0.0"/>
  <testcase name="test051" classname="org.Controller.Controller_ESTest" time="0.001"/>
  <testcase name="test052" classname="org.Controller.Controller_ESTest" time="0.0"/>
  <testcase name="test053" classname="org.Controller.Controller_ESTest" time="0.001"/>
  <testcase name="test054" classname="org.Controller.Controller_ESTest" time="0.002"/>
  <testcase name="test055" classname="org.Controller.Controller_ESTest" time="0.001"/>
  <testcase name="test056" classname="org.Controller.Controller_ESTest" time="0.0"/>
  <testcase name="test057" classname="org.Controller.Controller_ESTest" time="0.002"/>
  <testcase name="test058" classname="org.Controller.Controller_ESTest" time="0.001"/>
  <testcase name="test059" classname="org.Controller.Controller_ESTest" time="0.0"/>
  <testcase name="test060" classname="org.Controller.Controller_ESTest" time="0.0"/>
  <testcase name="test061" classname="org.Controller.Controller_ESTest" time="0.0"/>
  <testcase name="test062" classname="org.Controller.Controller_ESTest" time="0.0">
    <skipped message="EvoSuite: depends on playlist state"/>
  </testcase>
  <testcase name="test063" classname="org.Controller.Controller_ESTest" time="0.001"/>
  <testcase name="test064" classname="org.Controller.Controller_ESTest" time="0.0"/>
  <testcase name="test065" classname="org.Controller.Controller_ESTest" time="0.001"/>
  <testcase name="test066" classname="org.Controller.Controller_ESTest" time="0.0">
    <skipped message="EvoSuite: depends on playlist order"/>
  </testcase>
  <testcase name="test067" classname="org.Controller.Controller_ESTest" time="0.0"/>
  <testcase name="test068" classname="org.Controller.Controller_ESTest" time="0.0">
    <skipped message="EvoSuite: depends on playlist order"/>
  </testcase>
  <testcase name="test069" classname="org.Controller.Controller_ESTest" time="0.001"/>
  <testcase name="test070" classname="org.Controller.Controller_ESTest" time="0.0"/>
  <testcase name="test071" classname="org.Controller.Controller_ESTest" time="0.0"/>
  <testcase name="test072" classname="org.Controller.Controller_ESTest" time="0.001"/>
  <testcase name="test073" classname="org.Controller.Controller_ESTest" time="0.0"/>
  <testcase name="test074" classname="org.Controller.Controller_ESTest" time="0.001"/>
  <testcase name="test075" classname="org.Controller.Controller_ESTest" time="0.001"/>
  <testcase name="test076" classname="org.Controller.Controller_ESTest" time="0.0"/>
  <testcase name="test077" classname="org.Controller.Controller_ESTest" time="0.0"/>
  <testcase name="test078" classname="org.Controller.Controller_ESTest" time="0.0"/>
  <testcase name="test079" classname="org.Controller.Controller_ESTest" time="0.0"/>
  <testcase name="test080" classname="org.Controller.Controller_ESTest" time="0.0"/>
  <testcase name="test081" classname="org.Controller.Controller_ESTest" time="0.0"/>
  <testcase name="test082" classname="org.Controller.Controller_ESTest" time="0.001"/>
  <testcase name="test083" classname="org.Controller.Controller_ESTest" time="0.0"/>
  <testcase name="test084" classname="org.Controller.Controller_ESTest" time="0.0"/>
  <testcase name="test085" classname="org.Controller.Controller_ESTest" time="0.001"/>
  <testcase name="test086" classname="org.Controller.Controller_ESTest" time="0.0"/>
  <testcase name="test087" classname="org.Controller.Controller_ESTest" time="0.001"/>
  <testcase name="test088" classname="org.Controller.Controller_ESTest" time="0.0"/>
  <testcase name="test089" classname="org.Controller.Controller_ESTest" time="0.0"/>
  <testcase name="test090" classname="org.Controller.Controller_ESTest" time="0.0"/>
  <testcase name="test091" classname="org.Controller.Controller_ESTest" time="0.001"/>
  <testcase name="test092" classname="org.Controller.Controller_ESTest" time="0.0"/>
  <testcase name="test093" classname="org.Controller.Controller_ESTest" time="0.0"/>
  <testcase name="test094" classname="org.Controller.Controller_ESTest" time="0.001"/>
  <testcase name="test095" classname="org.Controller.Controller_ESTest" time="0.0"/>
  <testcase name="test096" classname="org.Controller.Controller_ESTest" time="0.0">
    <skipped message="EvoSuite: filesystem path dependent"/>
  </testcase>
  <testcase name="test097" classname="org.Controller.Controller_ESTest" time="0.001"/>
  <testcase name="test098" classname="org.Controller.Controller_ESTest" time="0.0"/>
  <testcase name="test099" classname="org.Controller.Controller_ESTest" time="0.001"/>
  <testcase name="test100" classname="org.Controller.Controller_ESTest" time="0.0">
    <skipped message="EvoSuite: filesystem path dependent"/>
  </testcase>
  <testcase name="test101" classname="org.Controller.Controller_ESTest" time="0.0"/>
  <testcase name="test102" classname="org.Controller.Controller_ESTest" time="0.001"/>
  <testcase name="test103" classname="org.Controller.Controller_ESTest" time="0.0"/>
</testsuite>